Arguments: 
  /Users/jimmy/.nvm/versions/node/v16.4.1/bin/node /Users/jimmy/.nvm/versions/node/v16.4.1/bin/yarn add ethers.js

PATH: 
  /Users/jimmy/google-cloud-sdk/bin:/Users/jimmy/.nvm/versions/node/v16.4.1/bin:/usr/local/bin:/usr/bin:/bin:/usr/sbin:/sbin:/Users/jimmy/google-cloud-sdk/bin:/Users/jimmy/.nvm/versions/node/v16.4.1/bin:/opt/homebrew/bin:/opt/homebrew/sbin

Yarn version: 
  1.22.10

Node version: 
  16.4.1

Platform: 
  darwin arm64

Trace: 
  Error: https://registry.yarnpkg.com/ethers.js: Not found
      at Request.params.callback [as _callback] (/Users/jimmy/.nvm/versions/node/v16.4.1/lib/node_modules/yarn/lib/cli.js:66988:18)
      at Request.self.callback (/Users/jimmy/.nvm/versions/node/v16.4.1/lib/node_modules/yarn/lib/cli.js:140662:22)
      at Request.emit (node:events:394:28)
      at Request.<anonymous> (/Users/jimmy/.nvm/versions/node/v16.4.1/lib/node_modules/yarn/lib/cli.js:141634:10)
      at Request.emit (node:events:394:28)
      at IncomingMessage.<anonymous> (/Users/jimmy/.nvm/versions/node/v16.4.1/lib/node_modules/yarn/lib/cli.js:141556:12)
      at Object.onceWrapper (node:events:513:28)
      at IncomingMessage.emit (node:events:406:35)
      at endReadableNT (node:internal/streams/readable:1329:12)
      at processTicksAndRejections (node:internal/process/task_queues:83:21)

npm manifest: 
  {
    "name": "loot-hunter",
    "version": "1.0.0",
    "main": "index.js",
    "license": "MIT"
  }

yarn manifest: 
  No manifest

Lockfile: 
  No lockfile
